Oct 24 20:29 : exception: Failed to open '/home/juicyexe/.config/mpd/mpdstate': No such file or directory
Oct 24 20:30 : exception: Failed to open '/home/juicyexe/.config/mpd/mpdstate': No such file or directory
Oct 24 20:33 : exception: Failed to open '/home/juicyexe/.config/mpd/mpdstate': No such file or directory
Oct 24 20:38 : update: added /Explosive Energy - [Mayhem Nodb x Traumatik x Skinzmann] (Official video) (320 kbps).mp3
Oct 24 20:41 : exception: Failed to open audio output
Oct 24 21:08 : player: played "Explosive Energy - [Mayhem Nodb x Traumatik x Skinzmann] (Official video) (320 kbps).mp3"
Oct 24 21:11 : player: played "Explosive Energy - [Mayhem Nodb x Traumatik x Skinzmann] (Official video) (320 kbps).mp3"
Oct 24 21:24 : player: played "Explosive Energy - [Mayhem Nodb x Traumatik x Skinzmann] (Official video) (320 kbps).mp3"
Oct 24 21:24 : player: played "Explosive Energy - [Mayhem Nodb x Traumatik x Skinzmann] (Official video) (320 kbps).mp3"
Oct 24 21:24 : player: played "Explosive Energy - [Mayhem Nodb x Traumatik x Skinzmann] (Official video) (320 kbps).mp3"
Oct 24 21:36 : player: played "Explosive Energy - [Mayhem Nodb x Traumatik x Skinzmann] (Official video) (320 kbps).mp3"
Oct 24 21:36 : player: played "Explosive Energy - [Mayhem Nodb x Traumatik x Skinzmann] (Official video) (320 kbps).mp3"
Oct 24 21:38 : player: played "Explosive Energy - [Mayhem Nodb x Traumatik x Skinzmann] (Official video) (320 kbps).mp3"
Oct 24 21:55 : player: played "Explosive Energy - [Mayhem Nodb x Traumatik x Skinzmann] (Official video) (320 kbps).mp3"
Oct 24 21:56 : player: played "Explosive Energy - [Mayhem Nodb x Traumatik x Skinzmann] (Official video) (320 kbps).mp3"
Oct 24 21:56 : exception: Failed to decode /home/juicyexe/Music/Explosive Energy - [Mayhem Nodb x Traumatik x Skinzmann] (Official video) (320 kbps).mp3; Failed to open '/home/juicyexe/Music/Explosive Energy - [Mayhem Nodb x Traumatik x Skinzmann] (Official video) (320 kbps).mp3': No such file or directory
Oct 24 21:56 : player: played "Explosive Energy - [Mayhem Nodb x Traumatik x Skinzmann] (Official video) (320 kbps).mp3"
Oct 24 21:56 : exception: Failed to decode /home/juicyexe/Music/Explosive Energy - [Mayhem Nodb x Traumatik x Skinzmann] (Official video) (320 kbps).mp3; Failed to open '/home/juicyexe/Music/Explosive Energy - [Mayhem Nodb x Traumatik x Skinzmann] (Official video) (320 kbps).mp3': No such file or directory
Oct 24 21:56 : player: played "Explosive Energy - [Mayhem Nodb x Traumatik x Skinzmann] (Official video) (320 kbps).mp3"
Oct 24 21:56 : exception: Failed to decode /home/juicyexe/Music/Explosive Energy - [Mayhem Nodb x Traumatik x Skinzmann] (Official video) (320 kbps).mp3; Failed to open '/home/juicyexe/Music/Explosive Energy - [Mayhem Nodb x Traumatik x Skinzmann] (Official video) (320 kbps).mp3': No such file or directory
Oct 24 21:56 : player: played "Explosive Energy - [Mayhem Nodb x Traumatik x Skinzmann] (Official video) (320 kbps).mp3"
Oct 24 21:56 : exception: Failed to decode /home/juicyexe/Music/Explosive Energy - [Mayhem Nodb x Traumatik x Skinzmann] (Official video) (320 kbps).mp3; Failed to open '/home/juicyexe/Music/Explosive Energy - [Mayhem Nodb x Traumatik x Skinzmann] (Official video) (320 kbps).mp3': No such file or directory
Oct 24 21:56 : player: played "Explosive Energy - [Mayhem Nodb x Traumatik x Skinzmann] (Official video) (320 kbps).mp3"
